============================================================
ORGANIZATION SKILL EXECUTION LOG
============================================================
Start Time: 2026-02-18 09:05:13
Total Scripts: 1
Skipped: 0
Ran: 1
Successful: 1
Failed: 0
Total Duration: 39.80 seconds

DETAILED EXECUTION RESULTS
--------------------------

Script: weekly_synthesis.py
Description: Weekly content synthesis
Start Time: 2026-02-18 09:04:33
End Time: 2026-02-18 09:05:13
Duration: 39.80 seconds
Status: SUCCESS
Output:
Collecting notes from the last 7 days...
Found 6 notes:
  hn-newsletter: 2
  news-digest: 2
  reddit-digest: 1
  arxiv-digest: 1
Generating weekly synthesis with AI...
Saved: /Users/jack/Documents/Obsidian/AI_Vault/Sources/Weekly Synthesis - 2026-02-18.md
Done! 6 notes synthesized.

----------------------------------------